\BOOKMARK [1][-]{section.1}{Introduction}{}% 1
\BOOKMARK [1][-]{section.2}{History of Optimization}{}% 2
\BOOKMARK [2][-]{subsection.2.1}{The Advent of Multidisciplinary Optimization}{section.2}% 3
\BOOKMARK [1][-]{section.3}{Why do we need optimization and what does ``gradient-based'' mean?}{}% 4
\BOOKMARK [2][-]{subsubsection.3.0.1}{Brute Force}{section.3}% 5
\BOOKMARK [3][-]{subsubsection.3.0.2}{Gradient-free}{subsubsection.3.0.1}% 6
\BOOKMARK [3][-]{subsubsection.3.0.3}{Gradient-based}{subsubsection.3.0.1}% 7
\BOOKMARK [1][-]{section.4}{Introduction to Implicit Systems of Equations}{}% 8
\BOOKMARK [1][-]{section.5}{Introduction to the Theory Behind Gradient-Based Optimization}{}% 9
\BOOKMARK [2][-]{subsection.5.1}{Unconstrained Optimization}{section.5}% 10
\BOOKMARK [2][-]{subsection.5.2}{Constrained Optimizations}{section.5}% 11
\BOOKMARK [3][-]{subsubsection.5.2.1}{Equality constraints: h = H\(x\) = 0}{subsection.5.2}% 12
\BOOKMARK [3][-]{subsubsection.5.2.2}{Inequality constraints: g = G\(x\) 0}{subsection.5.2}% 13
\BOOKMARK [2][-]{subsection.5.3}{Scaling for Optimization Problems: The Linear Case}{section.5}% 14
\BOOKMARK [2][-]{subsection.5.4}{Affine Scaling Transformations}{section.5}% 15
\BOOKMARK [2][-]{subsection.5.5}{Summary}{section.5}% 16
\BOOKMARK [1][-]{section.6}{Taking Derivatives of Outputs of Implicit Functions}{}% 17
\BOOKMARK [2][-]{subsection.6.1}{Numerical approximation of derivatives}{section.6}% 18
\BOOKMARK [2][-]{subsection.6.2}{Computing analytic derivatives of outputs of implicit functions}{section.6}% 19
\BOOKMARK [1][-]{section.7}{Taking derivatives of outputs of mixed implicit/explicit functions}{}% 20
\BOOKMARK [2][-]{subsection.7.1}{Monolithic FD or Complex-step}{section.7}% 21
\BOOKMARK [2][-]{subsection.7.2}{The direct analytic derivative method}{section.7}% 22
\BOOKMARK [2][-]{subsection.7.3}{The adjoint analytic derivative method}{section.7}% 23
